2021-06-20 00:26:39,225 INFO com.zaxxer.hikari.HikariDataSource [RMI TCP Connection(31)-127.0.0.1] HikariPool-2 - Shutdown initiated...
2021-06-20 00:26:39,299 INFO com.zaxxer.hikari.HikariDataSource [RMI TCP Connection(31)-127.0.0.1] HikariPool-2 - Shutdown completed.
09:32:27.355 [restartedMain] INFO  c.c.f.FlightManagemntApplication - Starting FlightManagemntApplication using Java 16 on LAPTOP-KCP96E0Q with PID 13596 (C:\Users\91861\eclipse-workspace\FlightManagemnt\target\classes started by trinzya in C:\Users\91861\eclipse-workspace\FlightManagemnt)
09:32:27.357 [restartedMain] INFO  c.c.f.FlightManagemntApplication - No active profile set, falling back to default profiles: default
09:32:32.164 [restartedMain] INFO  com.zaxxer.hikari.HikariDataSource - HikariPool-1 - Starting...
09:32:32.173 [restartedMain] WARN  c.z.hikari.util.DriverDataSource - Registered driver with driverClassName=com.mysql.jdbc.Driver was not found, trying direct instantiation.
09:32:33.622 [restartedMain] INFO  com.zaxxer.hikari.HikariDataSource - HikariPool-1 - Start completed.
09:32:40.036 [restartedMain] INFO  c.c.f.FlightManagemntApplication - Started FlightManagemntApplication in 14.077 seconds (JVM running for 16.531)
09:32:40.042 [restartedMain] INFO  c.c.f.FlightManagemntApplication - IN MAIN
09:38:08.515 [Thread-5] INFO  com.zaxxer.hikari.HikariDataSource - HikariPool-1 - Shutdown initiated...
09:38:08.545 [Thread-5] INFO  com.zaxxer.hikari.HikariDataSource - HikariPool-1 - Shutdown completed.
09:38:08.627 [restartedMain] INFO  c.c.f.FlightManagemntApplication - Starting FlightManagemntApplication using Java 16 on LAPTOP-KCP96E0Q with PID 13596 (C:\Users\91861\eclipse-workspace\FlightManagemnt\target\classes started by trinzya in C:\Users\91861\eclipse-workspace\FlightManagemnt)
09:38:08.628 [restartedMain] INFO  c.c.f.FlightManagemntApplication - No active profile set, falling back to default profiles: default
09:38:09.832 [restartedMain] INFO  com.zaxxer.hikari.HikariDataSource - HikariPool-2 - Starting...
09:38:09.833 [restartedMain] WARN  c.z.hikari.util.DriverDataSource - Registered driver with driverClassName=com.mysql.jdbc.Driver was not found, trying direct instantiation.
09:38:09.860 [restartedMain] INFO  com.zaxxer.hikari.HikariDataSource - HikariPool-2 - Start completed.
09:38:11.137 [restartedMain] INFO  c.c.f.FlightManagemntApplication - Started FlightManagemntApplication in 2.546 seconds (JVM running for 347.633)
09:38:11.140 [restartedMain] INFO  c.c.f.FlightManagemntApplication - IN MAIN
09:38:26.786 [Thread-8] INFO  com.zaxxer.hikari.HikariDataSource - HikariPool-2 - Shutdown initiated...
09:38:26.790 [Thread-8] INFO  com.zaxxer.hikari.HikariDataSource - HikariPool-2 - Shutdown completed.
09:38:26.860 [restartedMain] INFO  c.c.f.FlightManagemntApplication - Starting FlightManagemntApplication using Java 16 on LAPTOP-KCP96E0Q with PID 13596 (C:\Users\91861\eclipse-workspace\FlightManagemnt\target\classes started by trinzya in C:\Users\91861\eclipse-workspace\FlightManagemnt)
09:38:26.860 [restartedMain] INFO  c.c.f.FlightManagemntApplication - No active profile set, falling back to default profiles: default
09:38:27.884 [restartedMain] INFO  com.zaxxer.hikari.HikariDataSource - HikariPool-3 - Starting...
09:38:27.884 [restartedMain] WARN  c.z.hikari.util.DriverDataSource - Registered driver with driverClassName=com.mysql.jdbc.Driver was not found, trying direct instantiation.
09:38:27.908 [restartedMain] INFO  com.zaxxer.hikari.HikariDataSource - HikariPool-3 - Start completed.
09:38:28.677 [restartedMain] INFO  c.c.f.FlightManagemntApplication - Started FlightManagemntApplication in 1.844 seconds (JVM running for 365.172)
09:38:28.680 [restartedMain] INFO  c.c.f.FlightManagemntApplication - IN MAIN
09:39:43.135 [RMI TCP Connection(11)-127.0.0.1] INFO  com.zaxxer.hikari.HikariDataSource - HikariPool-3 - Shutdown initiated...
09:39:43.138 [RMI TCP Connection(11)-127.0.0.1] INFO  com.zaxxer.hikari.HikariDataSource - HikariPool-3 - Shutdown completed.
10:03:16.101 [restartedMain] INFO  c.c.f.FlightManagemntApplication - Starting FlightManagemntApplication using Java 16 on LAPTOP-KCP96E0Q with PID 20492 (C:\Users\91861\eclipse-workspace\FlightManagemnt\target\classes started by trinzya in C:\Users\91861\eclipse-workspace\FlightManagemnt)
10:03:16.104 [restartedMain] INFO  c.c.f.FlightManagemntApplication - No active profile set, falling back to default profiles: default
10:03:18.987 [restartedMain] INFO  com.zaxxer.hikari.HikariDataSource - HikariPool-1 - Starting...
10:03:18.992 [restartedMain] WARN  c.z.hikari.util.DriverDataSource - Registered driver with driverClassName=com.mysql.jdbc.Driver was not found, trying direct instantiation.
10:03:19.331 [restartedMain] INFO  com.zaxxer.hikari.HikariDataSource - HikariPool-1 - Start completed.
10:03:25.082 [restartedMain] INFO  com.zaxxer.hikari.HikariDataSource - HikariPool-1 - Shutdown initiated...
10:03:25.087 [restartedMain] INFO  com.zaxxer.hikari.HikariDataSource - HikariPool-1 - Shutdown completed.
10:03:53.640 [restartedMain] INFO  c.c.f.FlightManagemntApplication - Starting FlightManagemntApplication using Java 16 on LAPTOP-KCP96E0Q with PID 11260 (C:\Users\91861\eclipse-workspace\FlightManagemnt\target\classes started by trinzya in C:\Users\91861\eclipse-workspace\FlightManagemnt)
10:03:53.642 [restartedMain] INFO  c.c.f.FlightManagemntApplication - No active profile set, falling back to default profiles: default
10:03:56.531 [restartedMain] INFO  com.zaxxer.hikari.HikariDataSource - HikariPool-1 - Starting...
10:03:56.536 [restartedMain] WARN  c.z.hikari.util.DriverDataSource - Registered driver with driverClassName=com.mysql.jdbc.Driver was not found, trying direct instantiation.
10:03:56.840 [restartedMain] INFO  com.zaxxer.hikari.HikariDataSource - HikariPool-1 - Start completed.
10:04:00.097 [restartedMain] INFO  c.c.f.FlightManagemntApplication - Started FlightManagemntApplication in 6.832 seconds (JVM running for 7.722)
10:04:00.100 [restartedMain] INFO  c.c.f.FlightManagemntApplication - IN MAIN
10:04:42.287 [Thread-5] INFO  com.zaxxer.hikari.HikariDataSource - HikariPool-1 - Shutdown initiated...
10:04:42.293 [Thread-5] INFO  com.zaxxer.hikari.HikariDataSource - HikariPool-1 - Shutdown completed.
10:04:42.369 [restartedMain] INFO  c.c.f.FlightManagemntApplication - Starting FlightManagemntApplication using Java 16 on LAPTOP-KCP96E0Q with PID 11260 (C:\Users\91861\eclipse-workspace\FlightManagemnt\target\classes started by trinzya in C:\Users\91861\eclipse-workspace\FlightManagemnt)
10:04:42.369 [restartedMain] INFO  c.c.f.FlightManagemntApplication - No active profile set, falling back to default profiles: default
10:04:43.892 [restartedMain] INFO  com.zaxxer.hikari.HikariDataSource - HikariPool-2 - Starting...
10:04:43.893 [restartedMain] WARN  c.z.hikari.util.DriverDataSource - Registered driver with driverClassName=com.mysql.jdbc.Driver was not found, trying direct instantiation.
10:04:43.985 [restartedMain] INFO  com.zaxxer.hikari.HikariDataSource - HikariPool-2 - Start completed.
10:04:44.949 [restartedMain] INFO  c.c.f.FlightManagemntApplication - Started FlightManagemntApplication in 2.614 seconds (JVM running for 52.573)
10:04:44.951 [restartedMain] INFO  c.c.f.FlightManagemntApplication - IN MAIN
10:04:52.391 [RMI TCP Connection(4)-127.0.0.1] INFO  com.zaxxer.hikari.HikariDataSource - HikariPool-2 - Shutdown initiated...
10:04:52.397 [RMI TCP Connection(4)-127.0.0.1] INFO  com.zaxxer.hikari.HikariDataSource - HikariPool-2 - Shutdown completed.
10:04:56.326 [restartedMain] INFO  c.c.f.FlightManagemntApplication - Starting FlightManagemntApplication using Java 16 on LAPTOP-KCP96E0Q with PID 20784 (C:\Users\91861\eclipse-workspace\FlightManagemnt\target\classes started by trinzya in C:\Users\91861\eclipse-workspace\FlightManagemnt)
10:04:56.330 [restartedMain] INFO  c.c.f.FlightManagemntApplication - No active profile set, falling back to default profiles: default
10:04:59.122 [restartedMain] INFO  com.zaxxer.hikari.HikariDataSource - HikariPool-1 - Starting...
10:04:59.131 [restartedMain] WARN  c.z.hikari.util.DriverDataSource - Registered driver with driverClassName=com.mysql.jdbc.Driver was not found, trying direct instantiation.
10:04:59.647 [restartedMain] INFO  com.zaxxer.hikari.HikariDataSource - HikariPool-1 - Start completed.
10:05:01.934 [restartedMain] INFO  c.c.f.FlightManagemntApplication - Started FlightManagemntApplication in 6.264 seconds (JVM running for 7.263)
10:05:01.939 [restartedMain] INFO  c.c.f.FlightManagemntApplication - IN MAIN
11:24:55.205 [HikariPool-1 housekeeper] WARN  com.zaxxer.hikari.pool.HikariPool - HikariPool-1 - Thread starvation or clock leap detected (housekeeper delta=33m24s761ms618µs400ns).
11:32:46.764 [RMI TCP Connection(58)-127.0.0.1] INFO  com.zaxxer.hikari.HikariDataSource - HikariPool-1 - Shutdown initiated...
11:32:46.907 [RMI TCP Connection(58)-127.0.0.1] INFO  com.zaxxer.hikari.HikariDataSource - HikariPool-1 - Shutdown completed.
11:49:37.910 [restartedMain] INFO  c.c.f.FlightManagemntApplication - Starting FlightManagemntApplication using Java 16 on LAPTOP-KCP96E0Q with PID 16676 (C:\Users\91861\eclipse-workspace\FlightManagemnt\target\classes started by trinzya in C:\Users\91861\eclipse-workspace\FlightManagemnt)
11:49:37.914 [restartedMain] INFO  c.c.f.FlightManagemntApplication - No active profile set, falling back to default profiles: default
11:49:41.507 [restartedMain] INFO  com.zaxxer.hikari.HikariDataSource - HikariPool-1 - Starting...
11:49:41.512 [restartedMain] WARN  c.z.hikari.util.DriverDataSource - Registered driver with driverClassName=com.mysql.jdbc.Driver was not found, trying direct instantiation.
11:49:41.931 [restartedMain] INFO  com.zaxxer.hikari.HikariDataSource - HikariPool-1 - Start completed.
11:49:45.784 [restartedMain] INFO  c.c.f.FlightManagemntApplication - Started FlightManagemntApplication in 8.9 seconds (JVM running for 10.647)
11:49:45.788 [restartedMain] INFO  c.c.f.FlightManagemntApplication - IN MAIN
11:51:38.394 [http-nio-8080-exec-1] INFO  c.c.f.controller.FlightController - In Home Page
11:54:15.486 [http-nio-8080-exec-7] INFO  c.c.f.controller.FlightController - hello in create
11:54:16.820 [http-nio-8080-exec-7] INFO  c.c.f.controller.FlightController - Flight Created
11:54:16.837 [http-nio-8080-exec-8] INFO  c.c.f.controller.FlightController - in view all flight
11:54:26.766 [http-nio-8080-exec-1] INFO  c.c.f.controller.FlightController - in function
11:54:26.766 [http-nio-8080-exec-1] INFO  c.c.f.controller.FlightController - F1P3
11:54:33.170 [http-nio-8080-exec-3] INFO  c.c.f.controller.FlightController - In Home Page
11:54:57.294 [http-nio-8080-exec-7] INFO  c.c.f.controller.FlightController - hello in create
11:54:57.515 [http-nio-8080-exec-7] INFO  c.c.f.controller.FlightController - Passenger Created
11:54:57.542 [http-nio-8080-exec-9] INFO  c.c.f.controller.FlightController - in view all passenger
11:55:10.812 [http-nio-8080-exec-1] INFO  c.c.f.controller.FlightController - in view all flight
11:55:19.377 [http-nio-8080-exec-5] INFO  c.c.f.controller.FlightController - in function
11:55:19.377 [http-nio-8080-exec-5] INFO  c.c.f.controller.FlightController - FB2P4
11:55:19.497 [http-nio-8080-exec-7] INFO  c.c.f.controller.FlightController - in view all flight
19:25:02.847 [RMI TCP Connection(455)-127.0.0.1] INFO  com.zaxxer.hikari.HikariDataSource - HikariPool-1 - Shutdown initiated...
19:25:04.046 [RMI TCP Connection(455)-127.0.0.1] INFO  com.zaxxer.hikari.HikariDataSource - HikariPool-1 - Shutdown completed.
19:53:24.234 [restartedMain] INFO  c.c.f.FlightManagemntApplication - Starting FlightManagemntApplication using Java 16 on LAPTOP-KCP96E0Q with PID 9380 (C:\Users\91861\eclipse-workspace\FlightManagemnt\target\classes started by trinzya in C:\Users\91861\eclipse-workspace\FlightManagemnt)
19:53:24.252 [restartedMain] INFO  c.c.f.FlightManagemntApplication - No active profile set, falling back to default profiles: default
19:53:28.891 [restartedMain] INFO  com.zaxxer.hikari.HikariDataSource - HikariPool-1 - Starting...
19:53:28.931 [restartedMain] WARN  c.z.hikari.util.DriverDataSource - Registered driver with driverClassName=com.mysql.jdbc.Driver was not found, trying direct instantiation.
19:53:29.753 [restartedMain] INFO  com.zaxxer.hikari.HikariDataSource - HikariPool-1 - Start completed.
19:53:34.600 [restartedMain] INFO  c.c.f.FlightManagemntApplication - Started FlightManagemntApplication in 12.012 seconds (JVM running for 15.653)
19:53:34.602 [restartedMain] INFO  c.c.f.FlightManagemntApplication - IN MAIN
19:54:03.410 [http-nio-8080-exec-1] INFO  c.c.f.controller.FlightController - In Home Page
19:54:17.985 [http-nio-8080-exec-3] INFO  c.c.f.controller.FlightController - hello in create
19:54:18.925 [http-nio-8080-exec-3] INFO  c.c.f.controller.FlightController - Flight Created
19:54:19.302 [http-nio-8080-exec-4] INFO  c.c.f.controller.FlightController - in view all flight
19:54:32.502 [http-nio-8080-exec-6] INFO  c.c.f.controller.FlightController - in function
19:54:32.502 [http-nio-8080-exec-6] INFO  c.c.f.controller.FlightController - F3P4
19:54:35.594 [http-nio-8080-exec-7] INFO  c.c.f.controller.FlightController - In Home Page
19:54:38.053 [http-nio-8080-exec-8] INFO  c.c.f.controller.FlightController - in view all passenger
19:59:20.395 [Thread-5] INFO  com.zaxxer.hikari.HikariDataSource - HikariPool-1 - Shutdown initiated...
19:59:20.456 [Thread-5] INFO  com.zaxxer.hikari.HikariDataSource - HikariPool-1 - Shutdown completed.
19:59:20.638 [restartedMain] INFO  c.c.f.FlightManagemntApplication - Starting FlightManagemntApplication using Java 16 on LAPTOP-KCP96E0Q with PID 9380 (C:\Users\91861\eclipse-workspace\FlightManagemnt\target\classes started by trinzya in C:\Users\91861\eclipse-workspace\FlightManagemnt)
19:59:20.638 [restartedMain] INFO  c.c.f.FlightManagemntApplication - No active profile set, falling back to default profiles: default
19:59:21.922 [restartedMain] INFO  com.zaxxer.hikari.HikariDataSource - HikariPool-2 - Starting...
19:59:21.922 [restartedMain] WARN  c.z.hikari.util.DriverDataSource - Registered driver with driverClassName=com.mysql.jdbc.Driver was not found, trying direct instantiation.
19:59:21.986 [restartedMain] INFO  com.zaxxer.hikari.HikariDataSource - HikariPool-2 - Start completed.
19:59:22.623 [restartedMain] INFO  c.c.f.FlightManagemntApplication - Started FlightManagemntApplication in 2.018 seconds (JVM running for 363.677)
19:59:22.626 [restartedMain] INFO  c.c.f.FlightManagemntApplication - IN MAIN
20:00:40.396 [Thread-8] INFO  com.zaxxer.hikari.HikariDataSource - HikariPool-2 - Shutdown initiated...
20:00:40.399 [Thread-8] INFO  com.zaxxer.hikari.HikariDataSource - HikariPool-2 - Shutdown completed.
20:00:40.488 [restartedMain] INFO  c.c.f.FlightManagemntApplication - Starting FlightManagemntApplication using Java 16 on LAPTOP-KCP96E0Q with PID 9380 (C:\Users\91861\eclipse-workspace\FlightManagemnt\target\classes started by trinzya in C:\Users\91861\eclipse-workspace\FlightManagemnt)
20:00:40.489 [restartedMain] INFO  c.c.f.FlightManagemntApplication - No active profile set, falling back to default profiles: default
20:00:42.225 [restartedMain] INFO  com.zaxxer.hikari.HikariDataSource - HikariPool-3 - Starting...
20:00:42.225 [restartedMain] WARN  c.z.hikari.util.DriverDataSource - Registered driver with driverClassName=com.mysql.jdbc.Driver was not found, trying direct instantiation.
20:00:42.241 [restartedMain] INFO  com.zaxxer.hikari.HikariDataSource - HikariPool-3 - Start completed.
20:00:42.674 [restartedMain] INFO  c.c.f.FlightManagemntApplication - Started FlightManagemntApplication in 2.228 seconds (JVM running for 443.728)
20:00:42.676 [restartedMain] INFO  c.c.f.FlightManagemntApplication - IN MAIN
20:07:39.782 [Thread-13] INFO  com.zaxxer.hikari.HikariDataSource - HikariPool-3 - Shutdown initiated...
20:07:39.789 [Thread-13] INFO  com.zaxxer.hikari.HikariDataSource - HikariPool-3 - Shutdown completed.
20:07:39.964 [restartedMain] INFO  c.c.f.FlightManagemntApplication - Starting FlightManagemntApplication using Java 16 on LAPTOP-KCP96E0Q with PID 9380 (C:\Users\91861\eclipse-workspace\FlightManagemnt\target\classes started by trinzya in C:\Users\91861\eclipse-workspace\FlightManagemnt)
20:07:39.965 [restartedMain] INFO  c.c.f.FlightManagemntApplication - No active profile set, falling back to default profiles: default
20:07:42.243 [restartedMain] INFO  com.zaxxer.hikari.HikariDataSource - HikariPool-4 - Starting...
20:07:42.244 [restartedMain] WARN  c.z.hikari.util.DriverDataSource - Registered driver with driverClassName=com.mysql.jdbc.Driver was not found, trying direct instantiation.
20:07:42.275 [restartedMain] INFO  com.zaxxer.hikari.HikariDataSource - HikariPool-4 - Start completed.
20:07:43.152 [restartedMain] INFO  c.c.f.FlightManagemntApplication - Started FlightManagemntApplication in 3.276 seconds (JVM running for 864.205)
20:07:43.156 [restartedMain] INFO  c.c.f.FlightManagemntApplication - IN MAIN
20:08:17.931 [RMI TCP Connection(19)-127.0.0.1] INFO  com.zaxxer.hikari.HikariDataSource - HikariPool-4 - Shutdown initiated...
20:08:17.937 [RMI TCP Connection(19)-127.0.0.1] INFO  com.zaxxer.hikari.HikariDataSource - HikariPool-4 - Shutdown completed.
20:13:30.366 [restartedMain] INFO  c.c.f.FlightManagemntApplication - Starting FlightManagemntApplication using Java 16 on LAPTOP-KCP96E0Q with PID 2944 (C:\Users\91861\eclipse-workspace\FlightManagemnt\target\classes started by trinzya in C:\Users\91861\eclipse-workspace\FlightManagemnt)
20:13:30.370 [restartedMain] INFO  c.c.f.FlightManagemntApplication - No active profile set, falling back to default profiles: default
20:13:33.423 [restartedMain] INFO  com.zaxxer.hikari.HikariDataSource - HikariPool-1 - Starting...
20:13:33.432 [restartedMain] WARN  c.z.hikari.util.DriverDataSource - Registered driver with driverClassName=com.mysql.jdbc.Driver was not found, trying direct instantiation.
20:13:34.001 [restartedMain] INFO  com.zaxxer.hikari.HikariDataSource - HikariPool-1 - Start completed.
20:13:36.785 [restartedMain] INFO  c.c.f.FlightManagemntApplication - Started FlightManagemntApplication in 7.21 seconds (JVM running for 8.534)
20:13:36.790 [restartedMain] INFO  c.c.f.FlightManagemntApplication - IN MAIN
20:13:42.573 [http-nio-8080-exec-1] INFO  c.c.f.controller.FlightController - in view all passenger
20:13:49.610 [http-nio-8080-exec-3] INFO  c.c.f.controller.FlightController - In Home Page
20:13:58.955 [http-nio-8080-exec-4] INFO  c.c.f.controller.FlightController - in view all flight
20:14:42.278 [Thread-5] INFO  com.zaxxer.hikari.HikariDataSource - HikariPool-1 - Shutdown initiated...
20:14:42.283 [Thread-5] INFO  com.zaxxer.hikari.HikariDataSource - HikariPool-1 - Shutdown completed.
20:14:42.362 [restartedMain] INFO  c.c.f.FlightManagemntApplication - Starting FlightManagemntApplication using Java 16 on LAPTOP-KCP96E0Q with PID 2944 (C:\Users\91861\eclipse-workspace\FlightManagemnt\target\classes started by trinzya in C:\Users\91861\eclipse-workspace\FlightManagemnt)
20:14:42.362 [restartedMain] INFO  c.c.f.FlightManagemntApplication - No active profile set, falling back to default profiles: default
20:14:44.074 [restartedMain] INFO  com.zaxxer.hikari.HikariDataSource - HikariPool-2 - Starting...
20:14:44.074 [restartedMain] WARN  c.z.hikari.util.DriverDataSource - Registered driver with driverClassName=com.mysql.jdbc.Driver was not found, trying direct instantiation.
20:14:44.090 [restartedMain] INFO  com.zaxxer.hikari.HikariDataSource - HikariPool-2 - Start completed.
20:14:44.572 [restartedMain] INFO  c.c.f.FlightManagemntApplication - Started FlightManagemntApplication in 2.245 seconds (JVM running for 76.321)
20:14:44.574 [restartedMain] INFO  c.c.f.FlightManagemntApplication - IN MAIN
20:16:51.419 [RMI TCP Connection(7)-127.0.0.1] INFO  com.zaxxer.hikari.HikariDataSource - HikariPool-2 - Shutdown initiated...
20:16:51.422 [RMI TCP Connection(7)-127.0.0.1] INFO  com.zaxxer.hikari.HikariDataSource - HikariPool-2 - Shutdown completed.
20:16:59.072 [restartedMain] INFO  c.c.f.FlightManagemntApplication - Starting FlightManagemntApplication using Java 16 on LAPTOP-KCP96E0Q with PID 16992 (C:\Users\91861\eclipse-workspace\FlightManagemnt\target\classes started by trinzya in C:\Users\91861\eclipse-workspace\FlightManagemnt)
20:16:59.140 [restartedMain] INFO  c.c.f.FlightManagemntApplication - No active profile set, falling back to default profiles: default
20:17:02.156 [restartedMain] INFO  com.zaxxer.hikari.HikariDataSource - HikariPool-1 - Starting...
20:17:02.164 [restartedMain] WARN  c.z.hikari.util.DriverDataSource - Registered driver with driverClassName=com.mysql.jdbc.Driver was not found, trying direct instantiation.
20:17:02.689 [restartedMain] INFO  com.zaxxer.hikari.HikariDataSource - HikariPool-1 - Start completed.
20:17:04.573 [restartedMain] INFO  c.c.f.FlightManagemntApplication - Started FlightManagemntApplication in 6.095 seconds (JVM running for 6.851)
20:17:04.576 [restartedMain] INFO  c.c.f.FlightManagemntApplication - IN MAIN
20:17:12.179 [http-nio-8080-exec-1] INFO  c.c.f.controller.FlightController - in view all flight
20:17:18.192 [http-nio-8080-exec-3] INFO  c.c.f.controller.FlightController - k[Passenger(id=P1, name=Ankit, vip=true)]
20:17:23.905 [http-nio-8080-exec-4] INFO  c.c.f.controller.FlightController - in function
20:17:23.905 [http-nio-8080-exec-4] INFO  c.c.f.controller.FlightController - F1P1
20:17:29.104 [http-nio-8080-exec-5] INFO  c.c.f.controller.FlightController - In Home Page
20:17:35.741 [http-nio-8080-exec-6] INFO  c.c.f.controller.FlightController - in view all passenger
20:21:18.449 [Thread-5] INFO  com.zaxxer.hikari.HikariDataSource - HikariPool-1 - Shutdown initiated...
20:21:18.461 [Thread-5] INFO  com.zaxxer.hikari.HikariDataSource - HikariPool-1 - Shutdown completed.
20:21:18.608 [restartedMain] INFO  c.c.f.FlightManagemntApplication - Starting FlightManagemntApplication using Java 16 on LAPTOP-KCP96E0Q with PID 16992 (C:\Users\91861\eclipse-workspace\FlightManagemnt\target\classes started by trinzya in C:\Users\91861\eclipse-workspace\FlightManagemnt)
20:21:18.608 [restartedMain] INFO  c.c.f.FlightManagemntApplication - No active profile set, falling back to default profiles: default
20:21:20.148 [restartedMain] INFO  com.zaxxer.hikari.HikariDataSource - HikariPool-2 - Starting...
20:21:20.149 [restartedMain] WARN  c.z.hikari.util.DriverDataSource - Registered driver with driverClassName=com.mysql.jdbc.Driver was not found, trying direct instantiation.
20:21:20.169 [restartedMain] INFO  com.zaxxer.hikari.HikariDataSource - HikariPool-2 - Start completed.
20:21:20.874 [restartedMain] INFO  c.c.f.FlightManagemntApplication - Started FlightManagemntApplication in 2.334 seconds (JVM running for 263.152)
20:21:20.876 [restartedMain] INFO  c.c.f.FlightManagemntApplication - IN MAIN
20:21:26.394 [Thread-8] INFO  com.zaxxer.hikari.HikariDataSource - HikariPool-2 - Shutdown initiated...
20:21:26.398 [Thread-8] INFO  com.zaxxer.hikari.HikariDataSource - HikariPool-2 - Shutdown completed.
20:21:26.496 [restartedMain] INFO  c.c.f.FlightManagemntApplication - Starting FlightManagemntApplication using Java 16 on LAPTOP-KCP96E0Q with PID 16992 (C:\Users\91861\eclipse-workspace\FlightManagemnt\target\classes started by trinzya in C:\Users\91861\eclipse-workspace\FlightManagemnt)
20:21:26.497 [restartedMain] INFO  c.c.f.FlightManagemntApplication - No active profile set, falling back to default profiles: default
20:21:27.835 [restartedMain] INFO  com.zaxxer.hikari.HikariDataSource - HikariPool-3 - Starting...
20:21:27.835 [restartedMain] WARN  c.z.hikari.util.DriverDataSource - Registered driver with driverClassName=com.mysql.jdbc.Driver was not found, trying direct instantiation.
20:21:27.860 [restartedMain] INFO  com.zaxxer.hikari.HikariDataSource - HikariPool-3 - Start completed.
20:21:28.381 [restartedMain] INFO  c.c.f.FlightManagemntApplication - Started FlightManagemntApplication in 1.929 seconds (JVM running for 270.659)
20:21:28.384 [restartedMain] INFO  c.c.f.FlightManagemntApplication - IN MAIN
20:23:51.277 [Thread-13] INFO  com.zaxxer.hikari.HikariDataSource - HikariPool-3 - Shutdown initiated...
20:23:51.280 [Thread-13] INFO  com.zaxxer.hikari.HikariDataSource - HikariPool-3 - Shutdown completed.
20:23:51.348 [restartedMain] INFO  c.c.f.FlightManagemntApplication - Starting FlightManagemntApplication using Java 16 on LAPTOP-KCP96E0Q with PID 16992 (C:\Users\91861\eclipse-workspace\FlightManagemnt\target\classes started by trinzya in C:\Users\91861\eclipse-workspace\FlightManagemnt)
20:23:51.349 [restartedMain] INFO  c.c.f.FlightManagemntApplication - No active profile set, falling back to default profiles: default
20:23:52.308 [restartedMain] INFO  com.zaxxer.hikari.HikariDataSource - HikariPool-4 - Starting...
20:23:52.308 [restartedMain] WARN  c.z.hikari.util.DriverDataSource - Registered driver with driverClassName=com.mysql.jdbc.Driver was not found, trying direct instantiation.
20:23:52.324 [restartedMain] INFO  com.zaxxer.hikari.HikariDataSource - HikariPool-4 - Start completed.
20:23:52.588 [restartedMain] INFO  c.c.f.FlightManagemntApplication - Started FlightManagemntApplication in 1.266 seconds (JVM running for 414.866)
20:23:52.590 [restartedMain] INFO  c.c.f.FlightManagemntApplication - IN MAIN
20:25:36.113 [restartedMain] INFO  c.c.f.FlightManagemntApplication - Starting FlightManagemntApplication using Java 16 on LAPTOP-KCP96E0Q with PID 21236 (C:\Users\91861\eclipse-workspace\FlightManagemnt\target\classes started by trinzya in C:\Users\91861\eclipse-workspace\FlightManagemnt)
20:25:36.117 [restartedMain] INFO  c.c.f.FlightManagemntApplication - No active profile set, falling back to default profiles: default
20:25:39.237 [restartedMain] INFO  com.zaxxer.hikari.HikariDataSource - HikariPool-1 - Starting...
20:25:39.241 [restartedMain] WARN  c.z.hikari.util.DriverDataSource - Registered driver with driverClassName=com.mysql.jdbc.Driver was not found, trying direct instantiation.
20:25:39.546 [restartedMain] INFO  com.zaxxer.hikari.HikariDataSource - HikariPool-1 - Start completed.
20:25:42.249 [restartedMain] INFO  com.zaxxer.hikari.HikariDataSource - HikariPool-1 - Shutdown initiated...
20:25:42.255 [restartedMain] INFO  com.zaxxer.hikari.HikariDataSource - HikariPool-1 - Shutdown completed.
20:26:56.206 [Thread-18] INFO  com.zaxxer.hikari.HikariDataSource - HikariPool-4 - Shutdown initiated...
20:26:56.214 [Thread-18] INFO  com.zaxxer.hikari.HikariDataSource - HikariPool-4 - Shutdown completed.
20:26:56.374 [restartedMain] INFO  c.c.f.FlightManagemntApplication - Starting FlightManagemntApplication using Java 16 on LAPTOP-KCP96E0Q with PID 16992 (C:\Users\91861\eclipse-workspace\FlightManagemnt\target\classes started by trinzya in C:\Users\91861\eclipse-workspace\FlightManagemnt)
20:26:56.375 [restartedMain] INFO  c.c.f.FlightManagemntApplication - No active profile set, falling back to default profiles: default
20:26:57.970 [restartedMain] INFO  com.zaxxer.hikari.HikariDataSource - HikariPool-5 - Starting...
20:26:57.971 [restartedMain] WARN  c.z.hikari.util.DriverDataSource - Registered driver with driverClassName=com.mysql.jdbc.Driver was not found, trying direct instantiation.
20:26:57.984 [restartedMain] INFO  com.zaxxer.hikari.HikariDataSource - HikariPool-5 - Start completed.
20:26:58.273 [restartedMain] INFO  c.c.f.FlightManagemntApplication - Started FlightManagemntApplication in 1.969 seconds (JVM running for 600.551)
20:26:58.274 [restartedMain] INFO  c.c.f.FlightManagemntApplication - IN MAIN
20:27:23.986 [restartedMain] INFO  c.c.f.FlightManagemntApplication - Starting FlightManagemntApplication using Java 16 on LAPTOP-KCP96E0Q with PID 17136 (C:\Users\91861\eclipse-workspace\FlightManagemnt\target\classes started by trinzya in C:\Users\91861\eclipse-workspace\FlightManagemnt)
20:27:23.990 [restartedMain] INFO  c.c.f.FlightManagemntApplication - No active profile set, falling back to default profiles: default
20:27:27.313 [restartedMain] INFO  com.zaxxer.hikari.HikariDataSource - HikariPool-1 - Starting...
20:27:27.318 [restartedMain] WARN  c.z.hikari.util.DriverDataSource - Registered driver with driverClassName=com.mysql.jdbc.Driver was not found, trying direct instantiation.
20:27:27.651 [restartedMain] INFO  com.zaxxer.hikari.HikariDataSource - HikariPool-1 - Start completed.
20:27:30.224 [restartedMain] INFO  com.zaxxer.hikari.HikariDataSource - HikariPool-1 - Shutdown initiated...
20:27:30.230 [restartedMain] INFO  com.zaxxer.hikari.HikariDataSource - HikariPool-1 - Shutdown completed.
20:27:46.440 [RMI TCP Connection(14)-127.0.0.1] INFO  com.zaxxer.hikari.HikariDataSource - HikariPool-5 - Shutdown initiated...
20:27:46.445 [RMI TCP Connection(14)-127.0.0.1] INFO  com.zaxxer.hikari.HikariDataSource - HikariPool-5 - Shutdown completed.
20:27:54.452 [restartedMain] INFO  c.c.f.FlightManagemntApplication - Starting FlightManagemntApplication using Java 16 on LAPTOP-KCP96E0Q with PID 7208 (C:\Users\91861\eclipse-workspace\FlightManagemnt\target\classes started by trinzya in C:\Users\91861\eclipse-workspace\FlightManagemnt)
20:27:54.456 [restartedMain] INFO  c.c.f.FlightManagemntApplication - No active profile set, falling back to default profiles: default
20:27:57.158 [restartedMain] INFO  com.zaxxer.hikari.HikariDataSource - HikariPool-1 - Starting...
20:27:57.166 [restartedMain] WARN  c.z.hikari.util.DriverDataSource - Registered driver with driverClassName=com.mysql.jdbc.Driver was not found, trying direct instantiation.
20:27:57.700 [restartedMain] INFO  com.zaxxer.hikari.HikariDataSource - HikariPool-1 - Start completed.
20:28:00.322 [restartedMain] INFO  c.c.f.FlightManagemntApplication - Started FlightManagemntApplication in 6.553 seconds (JVM running for 7.764)
20:28:00.325 [restartedMain] INFO  c.c.f.FlightManagemntApplication - IN MAIN
20:28:14.644 [http-nio-8080-exec-1] INFO  c.c.f.controller.FlightController - In Home Page
20:28:18.924 [http-nio-8080-exec-2] INFO  c.c.f.controller.FlightController - in view all Economy flight
20:28:58.301 [http-nio-8080-exec-3] INFO  c.c.f.controller.FlightController - In Home Page
20:29:01.094 [http-nio-8080-exec-4] INFO  c.c.f.controller.FlightController - in view all  busniess flight
20:30:10.093 [Thread-5] INFO  com.zaxxer.hikari.HikariDataSource - HikariPool-1 - Shutdown initiated...
20:30:10.106 [Thread-5] INFO  com.zaxxer.hikari.HikariDataSource - HikariPool-1 - Shutdown completed.
20:30:10.250 [restartedMain] INFO  c.c.f.FlightManagemntApplication - Starting FlightManagemntApplication using Java 16 on LAPTOP-KCP96E0Q with PID 7208 (C:\Users\91861\eclipse-workspace\FlightManagemnt\target\classes started by trinzya in C:\Users\91861\eclipse-workspace\FlightManagemnt)
20:30:10.250 [restartedMain] INFO  c.c.f.FlightManagemntApplication - No active profile set, falling back to default profiles: default
20:30:12.487 [restartedMain] INFO  com.zaxxer.hikari.HikariDataSource - HikariPool-2 - Starting...
20:30:12.487 [restartedMain] WARN  c.z.hikari.util.DriverDataSource - Registered driver with driverClassName=com.mysql.jdbc.Driver was not found, trying direct instantiation.
20:30:12.663 [restartedMain] INFO  com.zaxxer.hikari.HikariDataSource - HikariPool-2 - Start completed.
20:30:13.116 [restartedMain] INFO  c.c.f.FlightManagemntApplication - Started FlightManagemntApplication in 2.933 seconds (JVM running for 140.558)
20:30:13.118 [restartedMain] INFO  c.c.f.FlightManagemntApplication - IN MAIN
20:30:20.651 [http-nio-8080-exec-1] INFO  c.c.f.controller.FlightController - In Home Page
20:30:22.739 [http-nio-8080-exec-2] INFO  c.c.f.controller.FlightController - in view all Economy flight
20:30:25.548 [http-nio-8080-exec-3] INFO  c.c.f.controller.FlightController - In Home Page
20:32:10.734 [http-nio-8080-exec-6] INFO  c.c.f.controller.FlightController - in view all Economy flight
20:32:13.938 [http-nio-8080-exec-7] INFO  c.c.f.controller.FlightController - In Home Page
20:32:41.413 [http-nio-8080-exec-9] INFO  c.c.f.controller.FlightController - In Home Page
20:32:44.803 [http-nio-8080-exec-10] INFO  c.c.f.controller.FlightController - in view all  busniess flight
20:34:58.205 [http-nio-8080-exec-4] INFO  c.c.f.controller.FlightController - hello in create
20:34:58.421 [http-nio-8080-exec-4] INFO  c.c.f.controller.FlightController - Flight Created
20:34:58.433 [http-nio-8080-exec-5] INFO  c.c.f.controller.FlightController - in view all flight
20:35:15.351 [http-nio-8080-exec-6] INFO  c.c.f.controller.FlightController - in view all Economy flight
20:35:17.599 [http-nio-8080-exec-7] INFO  c.c.f.controller.FlightController - In Home Page
20:38:12.926 [Thread-8] INFO  com.zaxxer.hikari.HikariDataSource - HikariPool-2 - Shutdown initiated...
20:38:12.931 [Thread-8] INFO  com.zaxxer.hikari.HikariDataSource - HikariPool-2 - Shutdown completed.
20:38:13.032 [restartedMain] INFO  c.c.f.FlightManagemntApplication - Starting FlightManagemntApplication using Java 16 on LAPTOP-KCP96E0Q with PID 7208 (C:\Users\91861\eclipse-workspace\FlightManagemnt\target\classes started by trinzya in C:\Users\91861\eclipse-workspace\FlightManagemnt)
20:38:13.033 [restartedMain] INFO  c.c.f.FlightManagemntApplication - No active profile set, falling back to default profiles: default
20:38:15.059 [restartedMain] INFO  com.zaxxer.hikari.HikariDataSource - HikariPool-3 - Starting...
20:38:15.060 [restartedMain] WARN  c.z.hikari.util.DriverDataSource - Registered driver with driverClassName=com.mysql.jdbc.Driver was not found, trying direct instantiation.
20:38:15.116 [restartedMain] INFO  com.zaxxer.hikari.HikariDataSource - HikariPool-3 - Start completed.
20:38:15.676 [restartedMain] INFO  c.c.f.FlightManagemntApplication - Started FlightManagemntApplication in 2.674 seconds (JVM running for 623.118)
20:38:15.679 [restartedMain] INFO  c.c.f.FlightManagemntApplication - IN MAIN
20:38:24.291 [Thread-13] INFO  com.zaxxer.hikari.HikariDataSource - HikariPool-3 - Shutdown initiated...
20:38:24.296 [Thread-13] INFO  com.zaxxer.hikari.HikariDataSource - HikariPool-3 - Shutdown completed.
20:38:24.432 [restartedMain] INFO  c.c.f.FlightManagemntApplication - Starting FlightManagemntApplication using Java 16 on LAPTOP-KCP96E0Q with PID 7208 (C:\Users\91861\eclipse-workspace\FlightManagemnt\target\classes started by trinzya in C:\Users\91861\eclipse-workspace\FlightManagemnt)
20:38:24.432 [restartedMain] INFO  c.c.f.FlightManagemntApplication - No active profile set, falling back to default profiles: default
20:38:25.796 [restartedMain] INFO  com.zaxxer.hikari.HikariDataSource - HikariPool-4 - Starting...
20:38:25.796 [restartedMain] WARN  c.z.hikari.util.DriverDataSource - Registered driver with driverClassName=com.mysql.jdbc.Driver was not found, trying direct instantiation.
20:38:25.812 [restartedMain] INFO  com.zaxxer.hikari.HikariDataSource - HikariPool-4 - Start completed.
20:38:26.180 [restartedMain] INFO  c.c.f.FlightManagemntApplication - Started FlightManagemntApplication in 1.803 seconds (JVM running for 633.622)
20:38:26.182 [restartedMain] INFO  c.c.f.FlightManagemntApplication - IN MAIN
20:38:28.139 [RMI TCP Connection(14)-127.0.0.1] INFO  com.zaxxer.hikari.HikariDataSource - HikariPool-4 - Shutdown initiated...
20:38:28.141 [RMI TCP Connection(14)-127.0.0.1] INFO  com.zaxxer.hikari.HikariDataSource - HikariPool-4 - Shutdown completed.
20:38:34.069 [restartedMain] INFO  c.c.f.FlightManagemntApplication - Starting FlightManagemntApplication using Java 16 on LAPTOP-KCP96E0Q with PID 20368 (C:\Users\91861\eclipse-workspace\FlightManagemnt\target\classes started by trinzya in C:\Users\91861\eclipse-workspace\FlightManagemnt)
20:38:34.072 [restartedMain] INFO  c.c.f.FlightManagemntApplication - No active profile set, falling back to default profiles: default
20:38:37.985 [restartedMain] INFO  com.zaxxer.hikari.HikariDataSource - HikariPool-1 - Starting...
20:38:37.991 [restartedMain] WARN  c.z.hikari.util.DriverDataSource - Registered driver with driverClassName=com.mysql.jdbc.Driver was not found, trying direct instantiation.
20:38:38.337 [restartedMain] INFO  com.zaxxer.hikari.HikariDataSource - HikariPool-1 - Start completed.
20:38:41.524 [restartedMain] INFO  c.c.f.FlightManagemntApplication - Started FlightManagemntApplication in 7.915 seconds (JVM running for 8.652)
20:38:41.530 [restartedMain] INFO  c.c.f.FlightManagemntApplication - IN MAIN
20:38:45.350 [http-nio-8080-exec-1] INFO  c.c.f.controller.FlightController - in view all Economy flight
20:40:28.671 [RMI TCP Connection(5)-127.0.0.1] INFO  com.zaxxer.hikari.HikariDataSource - HikariPool-1 - Shutdown initiated...
20:40:28.682 [RMI TCP Connection(5)-127.0.0.1] INFO  com.zaxxer.hikari.HikariDataSource - HikariPool-1 - Shutdown completed.
20:40:36.064 [restartedMain] INFO  c.c.f.FlightManagemntApplication - Starting FlightManagemntApplication using Java 16 on LAPTOP-KCP96E0Q with PID 18752 (C:\Users\91861\eclipse-workspace\FlightManagemnt\target\classes started by trinzya in C:\Users\91861\eclipse-workspace\FlightManagemnt)
20:40:36.069 [restartedMain] INFO  c.c.f.FlightManagemntApplication - No active profile set, falling back to default profiles: default
20:40:41.016 [restartedMain] INFO  com.zaxxer.hikari.HikariDataSource - HikariPool-1 - Starting...
20:40:41.025 [restartedMain] WARN  c.z.hikari.util.DriverDataSource - Registered driver with driverClassName=com.mysql.jdbc.Driver was not found, trying direct instantiation.
20:40:41.662 [restartedMain] INFO  com.zaxxer.hikari.HikariDataSource - HikariPool-1 - Start completed.
20:40:44.889 [restartedMain] INFO  c.c.f.FlightManagemntApplication - Started FlightManagemntApplication in 9.658 seconds (JVM running for 11.32)
20:40:44.892 [restartedMain] INFO  c.c.f.FlightManagemntApplication - IN MAIN
20:40:57.288 [http-nio-8080-exec-1] INFO  c.c.f.controller.FlightController - In Home Page
20:41:00.043 [http-nio-8080-exec-2] INFO  c.c.f.controller.FlightController - in view all Economy flight
20:42:52.923 [Thread-5] INFO  com.zaxxer.hikari.HikariDataSource - HikariPool-1 - Shutdown initiated...
20:42:52.932 [Thread-5] INFO  com.zaxxer.hikari.HikariDataSource - HikariPool-1 - Shutdown completed.
20:42:53.027 [restartedMain] INFO  c.c.f.FlightManagemntApplication - Starting FlightManagemntApplication using Java 16 on LAPTOP-KCP96E0Q with PID 18752 (C:\Users\91861\eclipse-workspace\FlightManagemnt\target\classes started by trinzya in C:\Users\91861\eclipse-workspace\FlightManagemnt)
20:42:53.027 [restartedMain] INFO  c.c.f.FlightManagemntApplication - No active profile set, falling back to default profiles: default
20:42:55.493 [restartedMain] INFO  com.zaxxer.hikari.HikariDataSource - HikariPool-2 - Starting...
20:42:55.494 [restartedMain] WARN  c.z.hikari.util.DriverDataSource - Registered driver with driverClassName=com.mysql.jdbc.Driver was not found, trying direct instantiation.
20:42:55.527 [restartedMain] INFO  com.zaxxer.hikari.HikariDataSource - HikariPool-2 - Start completed.
20:42:56.186 [restartedMain] INFO  c.c.f.FlightManagemntApplication - Started FlightManagemntApplication in 3.199 seconds (JVM running for 142.618)
20:42:56.189 [restartedMain] INFO  c.c.f.FlightManagemntApplication - IN MAIN
20:43:02.602 [http-nio-8080-exec-1] INFO  c.c.f.controller.FlightController - In Home Page
20:43:04.499 [http-nio-8080-exec-2] INFO  c.c.f.controller.FlightController - in view all Economy flight
20:44:06.131 [Thread-8] INFO  com.zaxxer.hikari.HikariDataSource - HikariPool-2 - Shutdown initiated...
20:44:06.139 [Thread-8] INFO  com.zaxxer.hikari.HikariDataSource - HikariPool-2 - Shutdown completed.
20:44:06.280 [restartedMain] INFO  c.c.f.FlightManagemntApplication - Starting FlightManagemntApplication using Java 16 on LAPTOP-KCP96E0Q with PID 18752 (C:\Users\91861\eclipse-workspace\FlightManagemnt\target\classes started by trinzya in C:\Users\91861\eclipse-workspace\FlightManagemnt)
20:44:06.281 [restartedMain] INFO  c.c.f.FlightManagemntApplication - No active profile set, falling back to default profiles: default
20:44:07.834 [restartedMain] INFO  com.zaxxer.hikari.HikariDataSource - HikariPool-3 - Starting...
20:44:07.834 [restartedMain] WARN  c.z.hikari.util.DriverDataSource - Registered driver with driverClassName=com.mysql.jdbc.Driver was not found, trying direct instantiation.
20:44:07.854 [restartedMain] INFO  com.zaxxer.hikari.HikariDataSource - HikariPool-3 - Start completed.
20:44:08.202 [restartedMain] INFO  c.c.f.FlightManagemntApplication - Started FlightManagemntApplication in 1.982 seconds (JVM running for 214.634)
20:44:08.204 [restartedMain] INFO  c.c.f.FlightManagemntApplication - IN MAIN
20:44:15.505 [http-nio-8080-exec-1] INFO  c.c.f.controller.FlightController - In Home Page
20:44:17.118 [http-nio-8080-exec-2] INFO  c.c.f.controller.FlightController - In Home Page
20:44:19.309 [http-nio-8080-exec-3] INFO  c.c.f.controller.FlightController - in view all Economy flight
20:45:18.741 [http-nio-8080-exec-5] INFO  c.c.f.controller.FlightController - In Home Page
20:45:20.845 [http-nio-8080-exec-6] INFO  c.c.f.controller.FlightController - in view all Economy flight
20:46:21.010 [RMI TCP Connection(10)-127.0.0.1] INFO  com.zaxxer.hikari.HikariDataSource - HikariPool-3 - Shutdown initiated...
20:46:21.018 [RMI TCP Connection(10)-127.0.0.1] INFO  com.zaxxer.hikari.HikariDataSource - HikariPool-3 - Shutdown completed.
20:46:28.348 [restartedMain] INFO  c.c.f.FlightManagemntApplication - Starting FlightManagemntApplication using Java 16 on LAPTOP-KCP96E0Q with PID 2856 (C:\Users\91861\eclipse-workspace\FlightManagemnt\target\classes started by trinzya in C:\Users\91861\eclipse-workspace\FlightManagemnt)
20:46:28.352 [restartedMain] INFO  c.c.f.FlightManagemntApplication - No active profile set, falling back to default profiles: default
20:46:32.772 [restartedMain] INFO  com.zaxxer.hikari.HikariDataSource - HikariPool-1 - Starting...
20:46:32.783 [restartedMain] WARN  c.z.hikari.util.DriverDataSource - Registered driver with driverClassName=com.mysql.jdbc.Driver was not found, trying direct instantiation.
20:46:33.441 [restartedMain] INFO  com.zaxxer.hikari.HikariDataSource - HikariPool-1 - Start completed.
20:46:36.517 [restartedMain] INFO  c.c.f.FlightManagemntApplication - Started FlightManagemntApplication in 8.947 seconds (JVM running for 10.303)
20:46:36.520 [restartedMain] INFO  c.c.f.FlightManagemntApplication - IN MAIN
20:53:36.898 [Thread-5] INFO  com.zaxxer.hikari.HikariDataSource - HikariPool-1 - Shutdown initiated...
20:53:36.911 [Thread-5] INFO  com.zaxxer.hikari.HikariDataSource - HikariPool-1 - Shutdown completed.
20:53:37.049 [restartedMain] INFO  c.c.f.FlightManagemntApplication - Starting FlightManagemntApplication using Java 16 on LAPTOP-KCP96E0Q with PID 2856 (C:\Users\91861\eclipse-workspace\FlightManagemnt\target\classes started by trinzya in C:\Users\91861\eclipse-workspace\FlightManagemnt)
20:53:37.049 [restartedMain] INFO  c.c.f.FlightManagemntApplication - No active profile set, falling back to default profiles: default
20:53:39.235 [restartedMain] INFO  com.zaxxer.hikari.HikariDataSource - HikariPool-2 - Starting...
20:53:39.236 [restartedMain] WARN  c.z.hikari.util.DriverDataSource - Registered driver with driverClassName=com.mysql.jdbc.Driver was not found, trying direct instantiation.
20:53:39.265 [restartedMain] INFO  com.zaxxer.hikari.HikariDataSource - HikariPool-2 - Start completed.
20:53:40.017 [restartedMain] INFO  c.c.f.FlightManagemntApplication - Started FlightManagemntApplication in 3.034 seconds (JVM running for 433.802)
20:53:40.021 [restartedMain] INFO  c.c.f.FlightManagemntApplication - IN MAIN
20:54:59.095 [Thread-8] INFO  com.zaxxer.hikari.HikariDataSource - HikariPool-2 - Shutdown initiated...
20:54:59.107 [Thread-8] INFO  com.zaxxer.hikari.HikariDataSource - HikariPool-2 - Shutdown completed.
20:54:59.254 [restartedMain] INFO  c.c.f.FlightManagemntApplication - Starting FlightManagemntApplication using Java 16 on LAPTOP-KCP96E0Q with PID 2856 (C:\Users\91861\eclipse-workspace\FlightManagemnt\target\classes started by trinzya in C:\Users\91861\eclipse-workspace\FlightManagemnt)
20:54:59.255 [restartedMain] INFO  c.c.f.FlightManagemntApplication - No active profile set, falling back to default profiles: default
20:55:01.728 [restartedMain] INFO  com.zaxxer.hikari.HikariDataSource - HikariPool-3 - Starting...
20:55:01.728 [restartedMain] WARN  c.z.hikari.util.DriverDataSource - Registered driver with driverClassName=com.mysql.jdbc.Driver was not found, trying direct instantiation.
20:55:01.757 [restartedMain] INFO  com.zaxxer.hikari.HikariDataSource - HikariPool-3 - Start completed.
20:55:02.427 [restartedMain] INFO  c.c.f.FlightManagemntApplication - Started FlightManagemntApplication in 3.237 seconds (JVM running for 516.213)
20:55:02.429 [restartedMain] INFO  c.c.f.FlightManagemntApplication - IN MAIN
20:56:38.960 [Thread-13] INFO  com.zaxxer.hikari.HikariDataSource - HikariPool-3 - Shutdown initiated...
20:56:38.966 [Thread-13] INFO  com.zaxxer.hikari.HikariDataSource - HikariPool-3 - Shutdown completed.
20:56:39.114 [restartedMain] INFO  c.c.f.FlightManagemntApplication - Starting FlightManagemntApplication using Java 16 on LAPTOP-KCP96E0Q with PID 2856 (C:\Users\91861\eclipse-workspace\FlightManagemnt\target\classes started by trinzya in C:\Users\91861\eclipse-workspace\FlightManagemnt)
20:56:39.115 [restartedMain] INFO  c.c.f.FlightManagemntApplication - No active profile set, falling back to default profiles: default
20:56:41.166 [restartedMain] INFO  com.zaxxer.hikari.HikariDataSource - HikariPool-4 - Starting...
20:56:41.167 [restartedMain] WARN  c.z.hikari.util.DriverDataSource - Registered driver with driverClassName=com.mysql.jdbc.Driver was not found, trying direct instantiation.
20:56:41.205 [restartedMain] INFO  com.zaxxer.hikari.HikariDataSource - HikariPool-4 - Start completed.
20:56:41.754 [restartedMain] INFO  c.c.f.FlightManagemntApplication - Started FlightManagemntApplication in 2.704 seconds (JVM running for 615.539)
20:56:41.757 [restartedMain] INFO  c.c.f.FlightManagemntApplication - IN MAIN
20:57:35.269 [Thread-18] INFO  com.zaxxer.hikari.HikariDataSource - HikariPool-4 - Shutdown initiated...
20:57:35.274 [Thread-18] INFO  com.zaxxer.hikari.HikariDataSource - HikariPool-4 - Shutdown completed.
20:57:35.430 [restartedMain] INFO  c.c.f.FlightManagemntApplication - Starting FlightManagemntApplication using Java 16 on LAPTOP-KCP96E0Q with PID 2856 (C:\Users\91861\eclipse-workspace\FlightManagemnt\target\classes started by trinzya in C:\Users\91861\eclipse-workspace\FlightManagemnt)
20:57:35.431 [restartedMain] INFO  c.c.f.FlightManagemntApplication - No active profile set, falling back to default profiles: default
20:57:37.998 [restartedMain] INFO  com.zaxxer.hikari.HikariDataSource - HikariPool-5 - Starting...
20:57:37.999 [restartedMain] WARN  c.z.hikari.util.DriverDataSource - Registered driver with driverClassName=com.mysql.jdbc.Driver was not found, trying direct instantiation.
20:57:38.026 [restartedMain] INFO  com.zaxxer.hikari.HikariDataSource - HikariPool-5 - Start completed.
20:57:38.423 [restartedMain] INFO  com.zaxxer.hikari.HikariDataSource - HikariPool-5 - Shutdown initiated...
20:57:38.430 [restartedMain] INFO  com.zaxxer.hikari.HikariDataSource - HikariPool-5 - Shutdown completed.
20:59:59.078 [restartedMain] INFO  c.c.f.FlightManagemntApplication - Starting FlightManagemntApplication using Java 16 on LAPTOP-KCP96E0Q with PID 2856 (C:\Users\91861\eclipse-workspace\FlightManagemnt\target\classes started by trinzya in C:\Users\91861\eclipse-workspace\FlightManagemnt)
20:59:59.078 [restartedMain] INFO  c.c.f.FlightManagemntApplication - No active profile set, falling back to default profiles: default
21:00:01.163 [restartedMain] INFO  com.zaxxer.hikari.HikariDataSource - HikariPool-6 - Starting...
21:00:01.163 [restartedMain] WARN  c.z.hikari.util.DriverDataSource - Registered driver with driverClassName=com.mysql.jdbc.Driver was not found, trying direct instantiation.
21:00:01.192 [restartedMain] INFO  com.zaxxer.hikari.HikariDataSource - HikariPool-6 - Start completed.
21:00:01.878 [restartedMain] INFO  c.c.f.FlightManagemntApplication - Started FlightManagemntApplication in 2.858 seconds (JVM running for 815.664)
21:00:01.882 [restartedMain] INFO  c.c.f.FlightManagemntApplication - IN MAIN
21:00:06.712 [http-nio-8080-exec-1] INFO  c.c.f.controller.FlightController - In Home Page
21:00:09.848 [http-nio-8080-exec-2] INFO  c.c.f.controller.FlightController - in view all passenger
21:00:24.241 [http-nio-8080-exec-5] INFO  c.c.f.controller.FlightController - in view all passenger
21:08:26.297 [RMI TCP Connection(25)-127.0.0.1] INFO  com.zaxxer.hikari.HikariDataSource - HikariPool-6 - Shutdown initiated...
21:08:26.300 [RMI TCP Connection(25)-127.0.0.1] INFO  com.zaxxer.hikari.HikariDataSource - HikariPool-6 - Shutdown completed.
21:08:32.036 [restartedMain] INFO  c.c.f.FlightManagemntApplication - Starting FlightManagemntApplication using Java 16 on LAPTOP-KCP96E0Q with PID 12944 (C:\Users\91861\eclipse-workspace\FlightManagemnt\target\classes started by trinzya in C:\Users\91861\eclipse-workspace\FlightManagemnt)
21:08:32.038 [restartedMain] INFO  c.c.f.FlightManagemntApplication - No active profile set, falling back to default profiles: default
21:08:35.214 [restartedMain] INFO  com.zaxxer.hikari.HikariDataSource - HikariPool-1 - Starting...
21:08:35.220 [restartedMain] WARN  c.z.hikari.util.DriverDataSource - Registered driver with driverClassName=com.mysql.jdbc.Driver was not found, trying direct instantiation.
21:08:35.538 [restartedMain] INFO  com.zaxxer.hikari.HikariDataSource - HikariPool-1 - Start completed.
21:08:38.169 [restartedMain] INFO  c.c.f.FlightManagemntApplication - Started FlightManagemntApplication in 6.693 seconds (JVM running for 7.862)
21:08:38.174 [restartedMain] INFO  c.c.f.FlightManagemntApplication - IN MAIN
21:08:41.080 [http-nio-8080-exec-1] INFO  c.c.f.controller.FlightController - in view all passenger
21:09:54.939 [Thread-5] INFO  com.zaxxer.hikari.HikariDataSource - HikariPool-1 - Shutdown initiated...
21:09:54.951 [Thread-5] INFO  com.zaxxer.hikari.HikariDataSource - HikariPool-1 - Shutdown completed.
21:09:55.082 [restartedMain] INFO  c.c.f.FlightManagemntApplication - Starting FlightManagemntApplication using Java 16 on LAPTOP-KCP96E0Q with PID 12944 (C:\Users\91861\eclipse-workspace\FlightManagemnt\target\classes started by trinzya in C:\Users\91861\eclipse-workspace\FlightManagemnt)
21:09:55.082 [restartedMain] INFO  c.c.f.FlightManagemntApplication - No active profile set, falling back to default profiles: default
21:09:56.863 [restartedMain] INFO  com.zaxxer.hikari.HikariDataSource - HikariPool-2 - Starting...
21:09:56.863 [restartedMain] WARN  c.z.hikari.util.DriverDataSource - Registered driver with driverClassName=com.mysql.jdbc.Driver was not found, trying direct instantiation.
21:09:56.879 [restartedMain] INFO  com.zaxxer.hikari.HikariDataSource - HikariPool-2 - Start completed.
21:09:57.232 [restartedMain] INFO  c.c.f.FlightManagemntApplication - Started FlightManagemntApplication in 2.217 seconds (JVM running for 86.926)
21:09:57.234 [restartedMain] INFO  c.c.f.FlightManagemntApplication - IN MAIN
21:10:05.140 [http-nio-8080-exec-1] INFO  c.c.f.controller.FlightController - in view all passenger
21:10:08.953 [http-nio-8080-exec-2] INFO  c.c.f.controller.FlightController - in view all passenger
21:10:14.300 [http-nio-8080-exec-3] INFO  c.c.f.controller.FlightController - in view all passenger
21:10:28.090 [http-nio-8080-exec-4] INFO  c.c.f.controller.FlightController - in view non all passenger
21:11:25.242 [Thread-8] INFO  com.zaxxer.hikari.HikariDataSource - HikariPool-2 - Shutdown initiated...
21:11:25.246 [Thread-8] INFO  com.zaxxer.hikari.HikariDataSource - HikariPool-2 - Shutdown completed.
21:11:25.326 [restartedMain] INFO  c.c.f.FlightManagemntApplication - Starting FlightManagemntApplication using Java 16 on LAPTOP-KCP96E0Q with PID 12944 (C:\Users\91861\eclipse-workspace\FlightManagemnt\target\classes started by trinzya in C:\Users\91861\eclipse-workspace\FlightManagemnt)
21:11:25.326 [restartedMain] INFO  c.c.f.FlightManagemntApplication - No active profile set, falling back to default profiles: default
21:11:26.841 [restartedMain] INFO  com.zaxxer.hikari.HikariDataSource - HikariPool-3 - Starting...
21:11:26.841 [restartedMain] WARN  c.z.hikari.util.DriverDataSource - Registered driver with driverClassName=com.mysql.jdbc.Driver was not found, trying direct instantiation.
21:11:26.870 [restartedMain] INFO  com.zaxxer.hikari.HikariDataSource - HikariPool-3 - Start completed.
21:11:27.362 [restartedMain] INFO  c.c.f.FlightManagemntApplication - Started FlightManagemntApplication in 2.068 seconds (JVM running for 177.055)
21:11:27.364 [restartedMain] INFO  c.c.f.FlightManagemntApplication - IN MAIN
21:11:31.221 [http-nio-8080-exec-1] INFO  c.c.f.controller.FlightController - in view non all passenger
21:11:33.001 [http-nio-8080-exec-2] INFO  c.c.f.controller.FlightController - in view non all passenger
21:11:38.227 [http-nio-8080-exec-3] INFO  c.c.f.controller.FlightController - In Home Page
21:11:40.755 [http-nio-8080-exec-4] INFO  c.c.f.controller.FlightController - in view Vip all passenger
21:11:45.446 [http-nio-8080-exec-5] INFO  c.c.f.controller.FlightController - in view non all passenger
21:12:07.553 [Thread-13] INFO  com.zaxxer.hikari.HikariDataSource - HikariPool-3 - Shutdown initiated...
21:12:07.556 [Thread-13] INFO  com.zaxxer.hikari.HikariDataSource - HikariPool-3 - Shutdown completed.
21:12:07.634 [restartedMain] INFO  c.c.f.FlightManagemntApplication - Starting FlightManagemntApplication using Java 16 on LAPTOP-KCP96E0Q with PID 12944 (C:\Users\91861\eclipse-workspace\FlightManagemnt\target\classes started by trinzya in C:\Users\91861\eclipse-workspace\FlightManagemnt)
21:12:07.635 [restartedMain] INFO  c.c.f.FlightManagemntApplication - No active profile set, falling back to default profiles: default
21:12:09.204 [restartedMain] INFO  com.zaxxer.hikari.HikariDataSource - HikariPool-4 - Starting...
21:12:09.204 [restartedMain] WARN  c.z.hikari.util.DriverDataSource - Registered driver with driverClassName=com.mysql.jdbc.Driver was not found, trying direct instantiation.
21:12:09.230 [restartedMain] INFO  com.zaxxer.hikari.HikariDataSource - HikariPool-4 - Start completed.
21:12:09.699 [restartedMain] INFO  c.c.f.FlightManagemntApplication - Started FlightManagemntApplication in 2.096 seconds (JVM running for 219.392)
21:12:09.701 [restartedMain] INFO  c.c.f.FlightManagemntApplication - IN MAIN
21:12:15.795 [http-nio-8080-exec-1] INFO  c.c.f.controller.FlightController - In Home Page
21:12:17.373 [http-nio-8080-exec-2] INFO  c.c.f.controller.FlightController - in view non all passenger
22:48:09.670 [restartedMain] INFO  c.c.f.FlightManagemntApplication - Starting FlightManagemntApplication using Java 16 on LAPTOP-KCP96E0Q with PID 22724 (C:\Users\91861\eclipse-workspace\FlightManagemnt\target\classes started by trinzya in C:\Users\91861\eclipse-workspace\FlightManagemnt)
22:48:09.693 [restartedMain] INFO  c.c.f.FlightManagemntApplication - No active profile set, falling back to default profiles: default
22:48:16.457 [restartedMain] INFO  com.zaxxer.hikari.HikariDataSource - HikariPool-1 - Starting...
22:48:16.466 [restartedMain] WARN  c.z.hikari.util.DriverDataSource - Registered driver with driverClassName=com.mysql.jdbc.Driver was not found, trying direct instantiation.
22:48:20.572 [restartedMain] INFO  com.zaxxer.hikari.HikariDataSource - HikariPool-1 - Start completed.
22:48:37.134 [restartedMain] INFO  c.c.f.FlightManagemntApplication - Started FlightManagemntApplication in 28.454 seconds (JVM running for 30.698)
22:48:37.138 [restartedMain] INFO  c.c.f.FlightManagemntApplication - IN MAIN
22:50:21.632 [http-nio-8080-exec-6] INFO  c.c.f.controller.FlightController - In Home Page
23:08:58.114 [http-nio-8080-exec-9] INFO  c.c.f.controller.FlightController - in view all flight
